# JRE version: OpenJDK Runtime Environment (17.0.7) (build 17.0.7+0-b2043.56-10550314)
# Java VM: OpenJDK 64-Bit Server VM (17.0.7+0-b2043.56-10550314, mixed mode, tiered, compressed oops, compressed class ptrs, g1 gc, windows-amd64)
GC Precious Log:
 CPUs: 8 total, 8 available
 Memory: 8029M
 Large Page Support: Disabled
 NUMA Support: Disabled
 Compressed Oops: Enabled (32-bit)
 Heap Region Size: 1M
 Heap Min Capacity: 8M
 Heap Initial Capacity: 126M
 Heap Max Capacity: 2G
 Pre-touch: Disabled
 Parallel Workers: 8
 Concurrent Workers: 2
 Concurrent Refinement Workers: 8
 Periodic GC: Disabled
Heap:
 garbage-first heap   total 188416K, used 113253K [0x0000000080000000, 0x0000000100000000)
  region size 1024K, 3 young (3072K), 3 survivors (3072K)
 Metaspace       used 75705K, committed 76480K, reserved 1179648K
  class space    used 10199K, committed 10560K, reserved 1048576K
GC Heap History (20 events):
Event: 11.212 GC heap after
{Heap after GC invocations=28 (full 0):
 garbage-first heap   total 154624K, used 70473K [0x0000000080000000, 0x0000000100000000)
  region size 1024K, 1 young (1024K), 1 survivors (1024K)
 Metaspace       used 56983K, committed 57600K, reserved 1114112K
  class space    used 7732K, committed 8000K, reserved 1048576K
}
Event: 11.672 GC heap before
{Heap before GC invocations=28 (full 0):
 garbage-first heap   total 154624K, used 90953K [0x0000000080000000, 0x0000000100000000)
  region size 1024K, 23 young (23552K), 1 survivors (1024K)
 Metaspace       used 57597K, committed 58304K, reserved 1114112K
  class space    used 7793K, committed 8128K, reserved 1048576K
}
Event: 11.675 GC heap after
{Heap after GC invocations=29 (full 0):
 garbage-first heap   total 154624K, used 72687K [0x0000000080000000, 0x0000000100000000)
  region size 1024K, 4 young (4096K), 4 survivors (4096K)
 Metaspace       used 57597K, committed 58304K, reserved 1114112K
  class space    used 7793K, committed 8128K, reserved 1048576K
}
Event: 12.541 GC heap before
{Heap before GC invocations=30 (full 0):
 garbage-first heap   total 154624K, used 134127K [0x0000000080000000, 0x0000000100000000)
  region size 1024K, 51 young (52224K), 4 survivors (4096K)
 Metaspace       used 60905K, committed 61568K, reserved 1114112K
  class space    used 8245K, committed 8576K, reserved 1048576K
}
Event: 12.546 GC heap after
{Heap after GC invocations=31 (full 0):
 garbage-first heap   total 154624K, used 94031K [0x0000000080000000, 0x0000000100000000)
  region size 1024K, 7 young (7168K), 7 survivors (7168K)
 Metaspace       used 60905K, committed 61568K, reserved 1114112K
  class space    used 8245K, committed 8576K, reserved 1048576K
}
Event: 12.564 GC heap before
{Heap before GC invocations=31 (full 0):
 garbage-first heap   total 154624K, used 95055K [0x0000000080000000, 0x0000000100000000)
  region size 1024K, 8 young (8192K), 7 survivors (7168K)
 Metaspace       used 61023K, committed 61696K, reserved 1114112K
  class space    used 8269K, committed 8576K, reserved 1048576K
}
Event: 12.568 GC heap after
{Heap after GC invocations=32 (full 0):
 garbage-first heap   total 154624K, used 94552K [0x0000000080000000, 0x0000000100000000)
  region size 1024K, 1 young (1024K), 1 survivors (1024K)
 Metaspace       used 61023K, committed 61696K, reserved 1114112K
  class space    used 8269K, committed 8576K, reserved 1048576K
}
Event: 13.060 GC heap before
{Heap before GC invocations=32 (full 0):
 garbage-first heap   total 154624K, used 127320K [0x0000000080000000, 0x0000000100000000)
  region size 1024K, 33 young (33792K), 1 survivors (1024K)
 Metaspace       used 64644K, committed 65216K, reserved 1114112K
  class space    used 8644K, committed 8896K, reserved 1048576K
}
Event: 13.062 GC heap after
{Heap after GC invocations=33 (full 0):
 garbage-first heap   total 154624K, used 94996K [0x0000000080000000, 0x0000000100000000)
  region size 1024K, 1 young (1024K), 1 survivors (1024K)
 Metaspace       used 64644K, committed 65216K, reserved 1114112K
  class space    used 8644K, committed 8896K, reserved 1048576K
}
Event: 13.792 GC heap before
{Heap before GC invocations=34 (full 0):
 garbage-first heap   total 163840K, used 133908K [0x0000000080000000, 0x0000000100000000)
  region size 1024K, 35 young (35840K), 1 survivors (1024K)
 Metaspace       used 69348K, committed 70144K, reserved 1114112K
  class space    used 9287K, committed 9664K, reserved 1048576K
}
Event: 13.797 GC heap after
{Heap after GC invocations=35 (full 0):
 garbage-first heap   total 163840K, used 102008K [0x0000000080000000, 0x0000000100000000)
  region size 1024K, 5 young (5120K), 5 survivors (5120K)
 Metaspace       used 69348K, committed 70144K, reserved 1114112K
  class space    used 9287K, committed 9664K, reserved 1048576K
}
Event: 13.807 GC heap before
{Heap before GC invocations=35 (full 0):
 garbage-first heap   total 163840K, used 105080K [0x0000000080000000, 0x0000000100000000)
  region size 1024K, 8 young (8192K), 5 survivors (5120K)
 Metaspace       used 69348K, committed 70144K, reserved 1114112K
  class space    used 9287K, committed 9664K, reserved 1048576K
}
Event: 13.813 GC heap after
{Heap after GC invocations=36 (full 0):
 garbage-first heap   total 163840K, used 103644K [0x0000000080000000, 0x0000000100000000)
  region size 1024K, 1 young (1024K), 1 survivors (1024K)
 Metaspace       used 69348K, committed 70144K, reserved 1114112K
  class space    used 9287K, committed 9664K, reserved 1048576K
}
Event: 13.825 GC heap before
{Heap before GC invocations=36 (full 0):
 garbage-first heap   total 163840K, used 104668K [0x0000000080000000, 0x0000000100000000)
  region size 1024K, 3 young (3072K), 1 survivors (1024K)
 Metaspace       used 69353K, committed 70144K, reserved 1114112K
  class space    used 9287K, committed 9664K, reserved 1048576K
}
Event: 13.827 GC heap after
{Heap after GC invocations=37 (full 0):
 garbage-first heap   total 163840K, used 103811K [0x0000000080000000, 0x0000000100000000)
  region size 1024K, 2 young (2048K), 2 survivors (2048K)
 Metaspace       used 69353K, committed 70144K, reserved 1114112K
  class space    used 9287K, committed 9664K, reserved 1048576K
}
Event: 14.273 GC heap before
{Heap before GC invocations=38 (full 0):
 garbage-first heap   total 188416K, used 137603K [0x0000000080000000, 0x0000000100000000)
  region size 1024K, 33 young (33792K), 2 survivors (2048K)
 Metaspace       used 71576K, committed 72256K, reserved 1114112K
  class space    used 9601K, committed 9920K, reserved 1048576K
}
Event: 14.276 GC heap after
{Heap after GC invocations=39 (full 0):
 garbage-first heap   total 188416K, used 107064K [0x0000000080000000, 0x0000000100000000)
  region size 1024K, 4 young (4096K), 4 survivors (4096K)
 Metaspace       used 71576K, committed 72256K, reserved 1114112K
  class space    used 9601K, committed 9920K, reserved 1048576K
}
Event: 14.347 GC heap before
{Heap before GC invocations=39 (full 0):
 garbage-first heap   total 188416K, used 112184K [0x0000000080000000, 0x0000000100000000)
  region size 1024K, 9 young (9216K), 4 survivors (4096K)
 Metaspace       used 71933K, committed 72640K, reserved 1114112K
  class space    used 9646K, committed 9984K, reserved 1048576K
}
Event: 14.350 GC heap after
{Heap after GC invocations=40 (full 0):
 garbage-first heap   total 188416K, used 107135K [0x0000000080000000, 0x0000000100000000)
  region size 1024K, 1 young (1024K), 1 survivors (1024K)
 Metaspace       used 71933K, committed 72640K, reserved 1114112K
  class space    used 9646K, committed 9984K, reserved 1048576K
}
Event: 15.093 GC heap before
{Heap before GC invocations=40 (full 0):
 garbage-first heap   total 188416K, used 157311K [0x0000000080000000, 0x0000000100000000)
  region size 1024K, 46 young (47104K), 1 survivors (1024K)
 Metaspace       used 75705K, committed 76480K, reserved 1179648K
  class space    used 10199K, committed 10560K, reserved 1048576K
}

