# JRE version: OpenJDK Runtime Environment (17.0.7) (build 17.0.7+0-b2043.56-10550314)
# Java VM: OpenJDK 64-Bit Server VM (17.0.7+0-b2043.56-10550314, mixed mode, tiered, compressed oops, compressed class ptrs, g1 gc, windows-amd64)
GC Precious Log:
 CPUs: 8 total, 8 available
 Memory: 8029M
 Large Page Support: Disabled
 NUMA Support: Disabled
 Compressed Oops: Enabled (32-bit)
 Heap Region Size: 1M
 Heap Min Capacity: 8M
 Heap Initial Capacity: 126M
 Heap Max Capacity: 2G
 Pre-touch: Disabled
 Parallel Workers: 8
 Concurrent Workers: 2
 Concurrent Refinement Workers: 8
 Periodic GC: Disabled
Heap:
 garbage-first heap   total 249856K, used 197632K [0x0000000080000000, 0x0000000100000000)
  region size 1024K, 3 young (3072K), 3 survivors (3072K)
 Metaspace       used 113401K, committed 114176K, reserved 1179648K
  class space    used 15214K, committed 15616K, reserved 1048576K
GC Heap History (20 events):
Event: 23.821 GC heap after
{Heap after GC invocations=37 (full 0):
 garbage-first heap   total 207872K, used 104575K [0x0000000080000000, 0x0000000100000000)
  region size 1024K, 5 young (5120K), 5 survivors (5120K)
 Metaspace       used 106078K, committed 106816K, reserved 1179648K
  class space    used 14264K, committed 14592K, reserved 1048576K
}
Event: 24.445 GC heap before
{Heap before GC invocations=37 (full 0):
 garbage-first heap   total 207872K, used 169087K [0x0000000080000000, 0x0000000100000000)
  region size 1024K, 68 young (69632K), 5 survivors (5120K)
 Metaspace       used 106876K, committed 107648K, reserved 1179648K
  class space    used 14365K, committed 14720K, reserved 1048576K
}
Event: 24.456 GC heap after
{Heap after GC invocations=38 (full 0):
 garbage-first heap   total 207872K, used 113587K [0x0000000080000000, 0x0000000100000000)
  region size 1024K, 9 young (9216K), 9 survivors (9216K)
 Metaspace       used 106876K, committed 107648K, reserved 1179648K
  class space    used 14365K, committed 14720K, reserved 1048576K
}
Event: 25.160 GC heap before
{Heap before GC invocations=38 (full 0):
 garbage-first heap   total 207872K, used 167859K [0x0000000080000000, 0x0000000100000000)
  region size 1024K, 62 young (63488K), 9 survivors (9216K)
 Metaspace       used 108231K, committed 108992K, reserved 1179648K
  class space    used 14619K, committed 14976K, reserved 1048576K
}
Event: 25.175 GC heap after
{Heap after GC invocations=39 (full 0):
 garbage-first heap   total 207872K, used 122100K [0x0000000080000000, 0x0000000100000000)
  region size 1024K, 8 young (8192K), 8 survivors (8192K)
 Metaspace       used 108231K, committed 108992K, reserved 1179648K
  class space    used 14619K, committed 14976K, reserved 1048576K
}
Event: 25.581 GC heap before
{Heap before GC invocations=39 (full 0):
 garbage-first heap   total 207872K, used 168180K [0x0000000080000000, 0x0000000100000000)
  region size 1024K, 54 young (55296K), 8 survivors (8192K)
 Metaspace       used 108683K, committed 109504K, reserved 1179648K
  class space    used 14667K, committed 15040K, reserved 1048576K
}
Event: 25.590 GC heap after
{Heap after GC invocations=40 (full 0):
 garbage-first heap   total 207872K, used 125458K [0x0000000080000000, 0x0000000100000000)
  region size 1024K, 6 young (6144K), 6 survivors (6144K)
 Metaspace       used 108683K, committed 109504K, reserved 1179648K
  class space    used 14667K, committed 15040K, reserved 1048576K
}
Event: 26.158 GC heap before
{Heap before GC invocations=40 (full 0):
 garbage-first heap   total 207872K, used 151058K [0x0000000080000000, 0x0000000100000000)
  region size 1024K, 33 young (33792K), 6 survivors (6144K)
 Metaspace       used 111030K, committed 111808K, reserved 1179648K
  class space    used 14965K, committed 15360K, reserved 1048576K
}
Event: 26.168 GC heap after
{Heap after GC invocations=41 (full 0):
 garbage-first heap   total 249856K, used 126531K [0x0000000080000000, 0x0000000100000000)
  region size 1024K, 2 young (2048K), 2 survivors (2048K)
 Metaspace       used 111030K, committed 111808K, reserved 1179648K
  class space    used 14965K, committed 15360K, reserved 1048576K
}
Event: 27.931 GC heap before
{Heap before GC invocations=42 (full 0):
 garbage-first heap   total 249856K, used 209475K [0x0000000080000000, 0x0000000100000000)
  region size 1024K, 76 young (77824K), 2 survivors (2048K)
 Metaspace       used 111508K, committed 112320K, reserved 1179648K
  class space    used 14973K, committed 15424K, reserved 1048576K
}
Event: 27.955 GC heap after
{Heap after GC invocations=43 (full 0):
 garbage-first heap   total 249856K, used 161789K [0x0000000080000000, 0x0000000100000000)
  region size 1024K, 10 young (10240K), 10 survivors (10240K)
 Metaspace       used 111508K, committed 112320K, reserved 1179648K
  class space    used 14973K, committed 15424K, reserved 1048576K
}
Event: 27.969 GC heap before
{Heap before GC invocations=43 (full 0):
 garbage-first heap   total 249856K, used 163837K [0x0000000080000000, 0x0000000100000000)
  region size 1024K, 12 young (12288K), 10 survivors (10240K)
 Metaspace       used 111508K, committed 112320K, reserved 1179648K
  class space    used 14973K, committed 15424K, reserved 1048576K
}
Event: 27.982 GC heap after
{Heap after GC invocations=44 (full 0):
 garbage-first heap   total 249856K, used 162816K [0x0000000080000000, 0x0000000100000000)
  region size 1024K, 2 young (2048K), 2 survivors (2048K)
 Metaspace       used 111508K, committed 112320K, reserved 1179648K
  class space    used 14973K, committed 15424K, reserved 1048576K
}
Event: 28.493 GC heap before
{Heap before GC invocations=44 (full 0):
 garbage-first heap   total 249856K, used 202752K [0x0000000080000000, 0x0000000100000000)
  region size 1024K, 41 young (41984K), 2 survivors (2048K)
 Metaspace       used 111794K, committed 112640K, reserved 1179648K
  class space    used 15004K, committed 15424K, reserved 1048576K
}
Event: 28.507 GC heap after
{Heap after GC invocations=45 (full 0):
 garbage-first heap   total 249856K, used 178517K [0x0000000080000000, 0x0000000100000000)
  region size 1024K, 6 young (6144K), 6 survivors (6144K)
 Metaspace       used 111794K, committed 112640K, reserved 1179648K
  class space    used 15004K, committed 15424K, reserved 1048576K
}
Event: 29.140 GC heap before
{Heap before GC invocations=45 (full 0):
 garbage-first heap   total 249856K, used 211285K [0x0000000080000000, 0x0000000100000000)
  region size 1024K, 31 young (31744K), 6 survivors (6144K)
 Metaspace       used 112120K, committed 112960K, reserved 1179648K
  class space    used 15030K, committed 15424K, reserved 1048576K
}
Event: 29.152 GC heap after
{Heap after GC invocations=46 (full 0):
 garbage-first heap   total 249856K, used 186154K [0x0000000080000000, 0x0000000100000000)
  region size 1024K, 4 young (4096K), 4 survivors (4096K)
 Metaspace       used 112120K, committed 112960K, reserved 1179648K
  class space    used 15030K, committed 15424K, reserved 1048576K
}
Event: 29.426 GC heap before
{Heap before GC invocations=46 (full 0):
 garbage-first heap   total 249856K, used 207658K [0x0000000080000000, 0x0000000100000000)
  region size 1024K, 25 young (25600K), 4 survivors (4096K)
 Metaspace       used 112184K, committed 112960K, reserved 1179648K
  class space    used 15030K, committed 15424K, reserved 1048576K
}
Event: 29.437 GC heap after
{Heap after GC invocations=47 (full 0):
 garbage-first heap   total 249856K, used 193212K [0x0000000080000000, 0x0000000100000000)
  region size 1024K, 4 young (4096K), 4 survivors (4096K)
 Metaspace       used 112184K, committed 112960K, reserved 1179648K
  class space    used 15030K, committed 15424K, reserved 1048576K
}
Event: 29.678 GC heap before
{Heap before GC invocations=47 (full 0):
 garbage-first heap   total 249856K, used 209596K [0x0000000080000000, 0x0000000100000000)
  region size 1024K, 21 young (21504K), 4 survivors (4096K)
 Metaspace       used 113401K, committed 114176K, reserved 1179648K
  class space    used 15214K, committed 15616K, reserved 1048576K
}

