# JRE version: OpenJDK Runtime Environment (17.0.7) (build 17.0.7+0-b2043.56-10550314)
# Java VM: OpenJDK 64-Bit Server VM (17.0.7+0-b2043.56-10550314, mixed mode, tiered, compressed oops, compressed class ptrs, g1 gc, windows-amd64)
GC Precious Log:
 CPUs: 8 total, 8 available
 Memory: 8029M
 Large Page Support: Disabled
 NUMA Support: Disabled
 Compressed Oops: Enabled (Zero based)
 Heap Region Size: 2M
 Heap Min Capacity: 8M
 Heap Initial Capacity: 126M
 Heap Max Capacity: 4G
 Pre-touch: Disabled
 Parallel Workers: 8
 Concurrent Workers: 2
 Concurrent Refinement Workers: 8
 Periodic GC: Disabled
Heap:
 garbage-first heap   total 284672K, used 176382K [0x0000000700000000, 0x0000000800000000)
  region size 2048K, 3 young (6144K), 3 survivors (6144K)
 Metaspace       used 98488K, committed 99264K, reserved 1179648K
  class space    used 13509K, committed 13888K, reserved 1048576K
GC Heap History (20 events):
Event: 10.618 GC heap after
{Heap after GC invocations=27 (full 0):
 garbage-first heap   total 245760K, used 92902K [0x0000000700000000, 0x0000000800000000)
  region size 2048K, 1 young (2048K), 1 survivors (2048K)
 Metaspace       used 60760K, committed 61504K, reserved 1114112K
  class space    used 8244K, committed 8576K, reserved 1048576K
}
Event: 11.832 GC heap before
{Heap before GC invocations=27 (full 0):
 garbage-first heap   total 245760K, used 178918K [0x0000000700000000, 0x0000000800000000)
  region size 2048K, 44 young (90112K), 1 survivors (2048K)
 Metaspace       used 69912K, committed 70592K, reserved 1114112K
  class space    used 9386K, committed 9728K, reserved 1048576K
}
Event: 11.838 GC heap after
{Heap after GC invocations=28 (full 0):
 garbage-first heap   total 245760K, used 97823K [0x0000000700000000, 0x0000000800000000)
  region size 2048K, 3 young (6144K), 3 survivors (6144K)
 Metaspace       used 69912K, committed 70592K, reserved 1114112K
  class space    used 9386K, committed 9728K, reserved 1048576K
}
Event: 12.622 GC heap before
{Heap before GC invocations=28 (full 0):
 garbage-first heap   total 245760K, used 151071K [0x0000000700000000, 0x0000000800000000)
  region size 2048K, 30 young (61440K), 3 survivors (6144K)
 Metaspace       used 74192K, committed 74880K, reserved 1114112K
  class space    used 9970K, committed 10304K, reserved 1048576K
}
Event: 12.629 GC heap after
{Heap after GC invocations=29 (full 0):
 garbage-first heap   total 245760K, used 100499K [0x0000000700000000, 0x0000000800000000)
  region size 2048K, 5 young (10240K), 5 survivors (10240K)
 Metaspace       used 74192K, committed 74880K, reserved 1114112K
  class space    used 9970K, committed 10304K, reserved 1048576K
}
Event: 13.976 GC heap before
{Heap before GC invocations=30 (full 0):
 garbage-first heap   total 245760K, used 196755K [0x0000000700000000, 0x0000000800000000)
  region size 2048K, 50 young (102400K), 5 survivors (10240K)
 Metaspace       used 81381K, committed 82112K, reserved 1179648K
  class space    used 10970K, committed 11328K, reserved 1048576K
}
Event: 13.988 GC heap after
{Heap after GC invocations=31 (full 0):
 garbage-first heap   total 245760K, used 112391K [0x0000000700000000, 0x0000000800000000)
  region size 2048K, 6 young (12288K), 6 survivors (12288K)
 Metaspace       used 81381K, committed 82112K, reserved 1179648K
  class space    used 10970K, committed 11328K, reserved 1048576K
}
Event: 15.185 GC heap before
{Heap before GC invocations=31 (full 0):
 garbage-first heap   total 245760K, used 192263K [0x0000000700000000, 0x0000000800000000)
  region size 2048K, 46 young (94208K), 6 survivors (12288K)
 Metaspace       used 86917K, committed 87616K, reserved 1179648K
  class space    used 11919K, committed 12288K, reserved 1048576K
}
Event: 15.195 GC heap after
{Heap after GC invocations=32 (full 0):
 garbage-first heap   total 245760K, used 115839K [0x0000000700000000, 0x0000000800000000)
  region size 2048K, 3 young (6144K), 3 survivors (6144K)
 Metaspace       used 86917K, committed 87616K, reserved 1179648K
  class space    used 11919K, committed 12288K, reserved 1048576K
}
Event: 16.450 GC heap before
{Heap before GC invocations=33 (full 0):
 garbage-first heap   total 245760K, used 193663K [0x0000000700000000, 0x0000000800000000)
  region size 2048K, 42 young (86016K), 3 survivors (6144K)
 Metaspace       used 92995K, committed 93696K, reserved 1179648K
  class space    used 12701K, committed 13056K, reserved 1048576K
}
Event: 16.472 GC heap after
{Heap after GC invocations=34 (full 0):
 garbage-first heap   total 245760K, used 121272K [0x0000000700000000, 0x0000000800000000)
  region size 2048K, 5 young (10240K), 5 survivors (10240K)
 Metaspace       used 92995K, committed 93696K, reserved 1179648K
  class space    used 12701K, committed 13056K, reserved 1048576K
}
Event: 16.854 GC heap before
{Heap before GC invocations=34 (full 0):
 garbage-first heap   total 245760K, used 129464K [0x0000000700000000, 0x0000000800000000)
  region size 2048K, 10 young (20480K), 5 survivors (10240K)
 Metaspace       used 93916K, committed 94720K, reserved 1179648K
  class space    used 12816K, committed 13184K, reserved 1048576K
}
Event: 16.875 GC heap after
{Heap after GC invocations=35 (full 0):
 garbage-first heap   total 245760K, used 122240K [0x0000000700000000, 0x0000000800000000)
  region size 2048K, 4 young (8192K), 4 survivors (8192K)
 Metaspace       used 93916K, committed 94720K, reserved 1179648K
  class space    used 12816K, committed 13184K, reserved 1048576K
}
Event: 17.858 GC heap before
{Heap before GC invocations=36 (full 0):
 garbage-first heap   total 253952K, used 216448K [0x0000000700000000, 0x0000000800000000)
  region size 2048K, 39 young (79872K), 4 survivors (8192K)
 Metaspace       used 98381K, committed 99136K, reserved 1179648K
  class space    used 13490K, committed 13824K, reserved 1048576K
}
Event: 17.868 GC heap after
{Heap after GC invocations=37 (full 0):
 garbage-first heap   total 253952K, used 152861K [0x0000000700000000, 0x0000000800000000)
  region size 2048K, 5 young (10240K), 5 survivors (10240K)
 Metaspace       used 98381K, committed 99136K, reserved 1179648K
  class space    used 13490K, committed 13824K, reserved 1048576K
}
Event: 17.882 GC heap before
{Heap before GC invocations=37 (full 0):
 garbage-first heap   total 253952K, used 154909K [0x0000000700000000, 0x0000000800000000)
  region size 2048K, 7 young (14336K), 5 survivors (10240K)
 Metaspace       used 98457K, committed 99264K, reserved 1179648K
  class space    used 13507K, committed 13888K, reserved 1048576K
}
Event: 17.887 GC heap after
{Heap after GC invocations=38 (full 0):
 garbage-first heap   total 253952K, used 153435K [0x0000000700000000, 0x0000000800000000)
  region size 2048K, 1 young (2048K), 1 survivors (2048K)
 Metaspace       used 98457K, committed 99264K, reserved 1179648K
  class space    used 13507K, committed 13888K, reserved 1048576K
}
Event: 18.314 GC heap before
{Heap before GC invocations=39 (full 0):
 garbage-first heap   total 284672K, used 214875K [0x0000000700000000, 0x0000000800000000)
  region size 2048K, 29 young (59392K), 1 survivors (2048K)
 Metaspace       used 98470K, committed 99264K, reserved 1179648K
  class space    used 13508K, committed 13888K, reserved 1048576K
}
Event: 18.328 GC heap after
{Heap after GC invocations=40 (full 0):
 garbage-first heap   total 284672K, used 172782K [0x0000000700000000, 0x0000000800000000)
  region size 2048K, 4 young (8192K), 4 survivors (8192K)
 Metaspace       used 98470K, committed 99264K, reserved 1179648K
  class space    used 13508K, committed 13888K, reserved 1048576K
}
Event: 19.333 GC heap before
{Heap before GC invocations=40 (full 0):
 garbage-first heap   total 284672K, used 223982K [0x0000000700000000, 0x0000000800000000)
  region size 2048K, 30 young (61440K), 4 survivors (8192K)
 Metaspace       used 98488K, committed 99264K, reserved 1179648K
  class space    used 13509K, committed 13888K, reserved 1048576K
}

