# JRE version: OpenJDK Runtime Environment (17.0.7) (build 17.0.7+0-b2043.56-10550314)
# Java VM: OpenJDK 64-Bit Server VM (17.0.7+0-b2043.56-10550314, mixed mode, tiered, compressed oops, compressed class ptrs, g1 gc, windows-amd64)
GC Precious Log:
 CPUs: 8 total, 8 available
 Memory: 8029M
 Large Page Support: Disabled
 NUMA Support: Disabled
 Compressed Oops: Enabled (32-bit)
 Heap Region Size: 1M
 Heap Min Capacity: 8M
 Heap Initial Capacity: 126M
 Heap Max Capacity: 2G
 Pre-touch: Disabled
 Parallel Workers: 8
 Concurrent Workers: 2
 Concurrent Refinement Workers: 8
 Periodic GC: Disabled
Heap:
 garbage-first heap   total 346112K, used 228585K [0x0000000080000000, 0x0000000100000000)
  region size 1024K, 21 young (21504K), 7 survivors (7168K)
 Metaspace       used 114721K, committed 115648K, reserved 1179648K
  class space    used 15482K, committed 15936K, reserved 1048576K
GC Heap History (20 events):
Event: 17.022 GC heap before
{Heap before GC invocations=36 (full 0):
 garbage-first heap   total 346112K, used 297446K [0x0000000080000000, 0x0000000100000000)
  region size 1024K, 166 young (169984K), 19 survivors (19456K)
 Metaspace       used 98514K, committed 99328K, reserved 1179648K
  class space    used 13509K, committed 13888K, reserved 1048576K
}
Event: 17.050 GC heap after
{Heap after GC invocations=37 (full 0):
 garbage-first heap   total 346112K, used 161964K [0x0000000080000000, 0x0000000100000000)
  region size 1024K, 21 young (21504K), 21 survivors (21504K)
 Metaspace       used 98514K, committed 99328K, reserved 1179648K
  class space    used 13509K, committed 13888K, reserved 1048576K
}
Event: 18.843 GC heap before
{Heap before GC invocations=37 (full 0):
 garbage-first heap   total 346112K, used 272556K [0x0000000080000000, 0x0000000100000000)
  region size 1024K, 130 young (133120K), 21 survivors (21504K)
 Metaspace       used 98541K, committed 99328K, reserved 1179648K
  class space    used 13509K, committed 13888K, reserved 1048576K
}
Event: 18.863 GC heap after
{Heap after GC invocations=38 (full 0):
 garbage-first heap   total 346112K, used 178730K [0x0000000080000000, 0x0000000100000000)
  region size 1024K, 17 young (17408K), 17 survivors (17408K)
 Metaspace       used 98541K, committed 99328K, reserved 1179648K
  class space    used 13509K, committed 13888K, reserved 1048576K
}
Event: 22.103 GC heap before
{Heap before GC invocations=39 (full 0):
 garbage-first heap   total 346112K, used 273962K [0x0000000080000000, 0x0000000100000000)
  region size 1024K, 114 young (116736K), 17 survivors (17408K)
 Metaspace       used 98541K, committed 99328K, reserved 1179648K
  class space    used 13509K, committed 13888K, reserved 1048576K
}
Event: 22.115 GC heap after
{Heap after GC invocations=40 (full 0):
 garbage-first heap   total 346112K, used 178581K [0x0000000080000000, 0x0000000100000000)
  region size 1024K, 7 young (7168K), 7 survivors (7168K)
 Metaspace       used 98541K, committed 99328K, reserved 1179648K
  class space    used 13509K, committed 13888K, reserved 1048576K
}
Event: 22.380 GC heap before
{Heap before GC invocations=40 (full 0):
 garbage-first heap   total 346112K, used 187797K [0x0000000080000000, 0x0000000100000000)
  region size 1024K, 16 young (16384K), 7 survivors (7168K)
 Metaspace       used 98541K, committed 99328K, reserved 1179648K
  class space    used 13509K, committed 13888K, reserved 1048576K
}
Event: 22.384 GC heap after
{Heap after GC invocations=41 (full 0):
 garbage-first heap   total 346112K, used 179194K [0x0000000080000000, 0x0000000100000000)
  region size 1024K, 2 young (2048K), 2 survivors (2048K)
 Metaspace       used 98541K, committed 99328K, reserved 1179648K
  class space    used 13509K, committed 13888K, reserved 1048576K
}
Event: 25.747 GC heap before
{Heap before GC invocations=41 (full 0):
 garbage-first heap   total 346112K, used 281594K [0x0000000080000000, 0x0000000100000000)
  region size 1024K, 102 young (104448K), 2 survivors (2048K)
 Metaspace       used 98541K, committed 99328K, reserved 1179648K
  class space    used 13509K, committed 13888K, reserved 1048576K
}
Event: 25.754 GC heap after
{Heap after GC invocations=42 (full 0):
 garbage-first heap   total 346112K, used 183445K [0x0000000080000000, 0x0000000100000000)
  region size 1024K, 7 young (7168K), 7 survivors (7168K)
 Metaspace       used 98541K, committed 99328K, reserved 1179648K
  class space    used 13509K, committed 13888K, reserved 1048576K
}
Event: 26.902 GC heap before
{Heap before GC invocations=42 (full 0):
 garbage-first heap   total 346112K, used 283797K [0x0000000080000000, 0x0000000100000000)
  region size 1024K, 105 young (107520K), 7 survivors (7168K)
 Metaspace       used 98541K, committed 99328K, reserved 1179648K
  class space    used 13509K, committed 13888K, reserved 1048576K
}
Event: 26.908 GC heap after
{Heap after GC invocations=43 (full 0):
 garbage-first heap   total 346112K, used 186751K [0x0000000080000000, 0x0000000100000000)
  region size 1024K, 10 young (10240K), 10 survivors (10240K)
 Metaspace       used 98541K, committed 99328K, reserved 1179648K
  class space    used 13509K, committed 13888K, reserved 1048576K
}
Event: 27.380 GC heap before
{Heap before GC invocations=43 (full 0):
 garbage-first heap   total 346112K, used 250239K [0x0000000080000000, 0x0000000100000000)
  region size 1024K, 57 young (58368K), 10 survivors (10240K)
 Metaspace       used 99542K, committed 100352K, reserved 1179648K
  class space    used 13635K, committed 14016K, reserved 1048576K
}
Event: 27.393 GC heap after
{Heap after GC invocations=44 (full 0):
 garbage-first heap   total 346112K, used 195749K [0x0000000080000000, 0x0000000100000000)
  region size 1024K, 14 young (14336K), 14 survivors (14336K)
 Metaspace       used 99542K, committed 100352K, reserved 1179648K
  class space    used 13635K, committed 14016K, reserved 1048576K
}
Event: 28.936 GC heap before
{Heap before GC invocations=44 (full 0):
 garbage-first heap   total 346112K, used 283813K [0x0000000080000000, 0x0000000100000000)
  region size 1024K, 99 young (101376K), 14 survivors (14336K)
 Metaspace       used 109063K, committed 109888K, reserved 1179648K
  class space    used 14878K, committed 15296K, reserved 1048576K
}
Event: 28.951 GC heap after
{Heap after GC invocations=45 (full 0):
 garbage-first heap   total 346112K, used 199587K [0x0000000080000000, 0x0000000100000000)
  region size 1024K, 5 young (5120K), 5 survivors (5120K)
 Metaspace       used 109063K, committed 109888K, reserved 1179648K
  class space    used 14878K, committed 15296K, reserved 1048576K
}
Event: 29.851 GC heap before
{Heap before GC invocations=45 (full 0):
 garbage-first heap   total 346112K, used 286627K [0x0000000080000000, 0x0000000100000000)
  region size 1024K, 91 young (93184K), 5 survivors (5120K)
 Metaspace       used 111162K, committed 112064K, reserved 1179648K
  class space    used 15074K, committed 15488K, reserved 1048576K
}
Event: 29.863 GC heap after
{Heap after GC invocations=46 (full 0):
 garbage-first heap   total 346112K, used 208877K [0x0000000080000000, 0x0000000100000000)
  region size 1024K, 12 young (12288K), 12 survivors (12288K)
 Metaspace       used 111162K, committed 112064K, reserved 1179648K
  class space    used 15074K, committed 15488K, reserved 1048576K
}
Event: 30.780 GC heap before
{Heap before GC invocations=46 (full 0):
 garbage-first heap   total 346112K, used 286701K [0x0000000080000000, 0x0000000100000000)
  region size 1024K, 89 young (91136K), 12 survivors (12288K)
 Metaspace       used 113637K, committed 114496K, reserved 1179648K
  class space    used 15354K, committed 15808K, reserved 1048576K
}
Event: 30.794 GC heap after
{Heap after GC invocations=47 (full 0):
 garbage-first heap   total 346112K, used 215273K [0x0000000080000000, 0x0000000100000000)
  region size 1024K, 7 young (7168K), 7 survivors (7168K)
 Metaspace       used 113637K, committed 114496K, reserved 1179648K
  class space    used 15354K, committed 15808K, reserved 1048576K
}

