# JRE version: OpenJDK Runtime Environment (17.0.7) (build 17.0.7+0-b2043.56-10550314)
# Java VM: OpenJDK 64-Bit Server VM (17.0.7+0-b2043.56-10550314, mixed mode, tiered, compressed oops, compressed class ptrs, g1 gc, windows-amd64)
GC Precious Log:
 CPUs: 8 total, 8 available
 Memory: 8029M
 Large Page Support: Disabled
 NUMA Support: Disabled
 Compressed Oops: Enabled (32-bit)
 Heap Region Size: 1M
 Heap Min Capacity: 8M
 Heap Initial Capacity: 126M
 Heap Max Capacity: 2G
 Pre-touch: Disabled
 Parallel Workers: 8
 Concurrent Workers: 2
 Concurrent Refinement Workers: 8
 Periodic GC: Disabled
Heap:
 garbage-first heap   total 150528K, used 88268K [0x0000000080000000, 0x0000000100000000)
  region size 1024K, 28 young (28672K), 1 survivors (1024K)
 Metaspace       used 62664K, committed 63232K, reserved 1114112K
  class space    used 8324K, committed 8576K, reserved 1048576K
GC Heap History (20 events):
Event: 5.410 GC heap before
{Heap before GC invocations=6 (full 0):
 garbage-first heap   total 68608K, used 48518K [0x0000000080000000, 0x0000000100000000)
  region size 1024K, 29 young (29696K), 1 survivors (1024K)
 Metaspace       used 30125K, committed 30464K, reserved 1114112K
  class space    used 4067K, committed 4224K, reserved 1048576K
}
Event: 5.413 GC heap after
{Heap after GC invocations=7 (full 0):
 garbage-first heap   total 68608K, used 21935K [0x0000000080000000, 0x0000000100000000)
  region size 1024K, 2 young (2048K), 2 survivors (2048K)
 Metaspace       used 30125K, committed 30464K, reserved 1114112K
  class space    used 4067K, committed 4224K, reserved 1048576K
}
Event: 6.092 GC heap before
{Heap before GC invocations=7 (full 0):
 garbage-first heap   total 68608K, used 50607K [0x0000000080000000, 0x0000000100000000)
  region size 1024K, 30 young (30720K), 2 survivors (2048K)
 Metaspace       used 34175K, committed 34432K, reserved 1114112K
  class space    used 4686K, committed 4800K, reserved 1048576K
}
Event: 6.095 GC heap after
{Heap after GC invocations=8 (full 0):
 garbage-first heap   total 68608K, used 23037K [0x0000000080000000, 0x0000000100000000)
  region size 1024K, 3 young (3072K), 3 survivors (3072K)
 Metaspace       used 34175K, committed 34432K, reserved 1114112K
  class space    used 4686K, committed 4800K, reserved 1048576K
}
Event: 6.327 GC heap before
{Heap before GC invocations=8 (full 0):
 garbage-first heap   total 68608K, used 32253K [0x0000000080000000, 0x0000000100000000)
  region size 1024K, 13 young (13312K), 3 survivors (3072K)
 Metaspace       used 35751K, committed 36096K, reserved 1114112K
  class space    used 4942K, committed 5120K, reserved 1048576K
}
Event: 6.332 GC heap after
{Heap after GC invocations=9 (full 0):
 garbage-first heap   total 68608K, used 24150K [0x0000000080000000, 0x0000000100000000)
  region size 1024K, 3 young (3072K), 3 survivors (3072K)
 Metaspace       used 35751K, committed 36096K, reserved 1114112K
  class space    used 4942K, committed 5120K, reserved 1048576K
}
Event: 6.991 GC heap before
{Heap before GC invocations=10 (full 0):
 garbage-first heap   total 68608K, used 50774K [0x0000000080000000, 0x0000000100000000)
  region size 1024K, 30 young (30720K), 3 survivors (3072K)
 Metaspace       used 41148K, committed 41536K, reserved 1114112K
  class space    used 5465K, committed 5632K, reserved 1048576K
}
Event: 6.996 GC heap after
{Heap after GC invocations=11 (full 0):
 garbage-first heap   total 68608K, used 28120K [0x0000000080000000, 0x0000000100000000)
  region size 1024K, 4 young (4096K), 4 survivors (4096K)
 Metaspace       used 41148K, committed 41536K, reserved 1114112K
  class space    used 5465K, committed 5632K, reserved 1048576K
}
Event: 7.000 GC heap before
{Heap before GC invocations=11 (full 0):
 garbage-first heap   total 68608K, used 29144K [0x0000000080000000, 0x0000000100000000)
  region size 1024K, 5 young (5120K), 4 survivors (4096K)
 Metaspace       used 41148K, committed 41536K, reserved 1114112K
  class space    used 5465K, committed 5632K, reserved 1048576K
}
Event: 7.004 GC heap after
{Heap after GC invocations=12 (full 0):
 garbage-first heap   total 68608K, used 28211K [0x0000000080000000, 0x0000000100000000)
  region size 1024K, 1 young (1024K), 1 survivors (1024K)
 Metaspace       used 41148K, committed 41536K, reserved 1114112K
  class space    used 5465K, committed 5632K, reserved 1048576K
}
Event: 7.216 GC heap before
{Heap before GC invocations=12 (full 0):
 garbage-first heap   total 68608K, used 48691K [0x0000000080000000, 0x0000000100000000)
  region size 1024K, 19 young (19456K), 1 survivors (1024K)
 Metaspace       used 41860K, committed 42176K, reserved 1114112K
  class space    used 5550K, committed 5696K, reserved 1048576K
}
Event: 7.219 GC heap after
{Heap after GC invocations=13 (full 0):
 garbage-first heap   total 68608K, used 32169K [0x0000000080000000, 0x0000000100000000)
  region size 1024K, 3 young (3072K), 3 survivors (3072K)
 Metaspace       used 41860K, committed 42176K, reserved 1114112K
  class space    used 5550K, committed 5696K, reserved 1048576K
}
Event: 7.565 GC heap before
{Heap before GC invocations=13 (full 0):
 garbage-first heap   total 68608K, used 54697K [0x0000000080000000, 0x0000000100000000)
  region size 1024K, 23 young (23552K), 3 survivors (3072K)
 Metaspace       used 44059K, committed 44416K, reserved 1114112K
  class space    used 5794K, committed 5952K, reserved 1048576K
}
Event: 7.569 GC heap after
{Heap after GC invocations=14 (full 0):
 garbage-first heap   total 150528K, used 30819K [0x0000000080000000, 0x0000000100000000)
  region size 1024K, 1 young (1024K), 1 survivors (1024K)
 Metaspace       used 44059K, committed 44416K, reserved 1114112K
  class space    used 5794K, committed 5952K, reserved 1048576K
}
Event: 9.660 GC heap before
{Heap before GC invocations=14 (full 0):
 garbage-first heap   total 150528K, used 111715K [0x0000000080000000, 0x0000000100000000)
  region size 1024K, 79 young (80896K), 1 survivors (1024K)
 Metaspace       used 53390K, committed 53888K, reserved 1114112K
  class space    used 7202K, committed 7424K, reserved 1048576K
}
Event: 9.666 GC heap after
{Heap after GC invocations=15 (full 0):
 garbage-first heap   total 150528K, used 35536K [0x0000000080000000, 0x0000000100000000)
  region size 1024K, 6 young (6144K), 6 survivors (6144K)
 Metaspace       used 53390K, committed 53888K, reserved 1114112K
  class space    used 7202K, committed 7424K, reserved 1048576K
}
Event: 11.940 GC heap before
{Heap before GC invocations=15 (full 0):
 garbage-first heap   total 150528K, used 124624K [0x0000000080000000, 0x0000000100000000)
  region size 1024K, 80 young (81920K), 6 survivors (6144K)
 Metaspace       used 57727K, committed 58240K, reserved 1114112K
  class space    used 7752K, committed 8000K, reserved 1048576K
}
Event: 11.950 GC heap after
{Heap after GC invocations=16 (full 0):
 garbage-first heap   total 150528K, used 60511K [0x0000000080000000, 0x0000000100000000)
  region size 1024K, 10 young (10240K), 10 survivors (10240K)
 Metaspace       used 57727K, committed 58240K, reserved 1114112K
  class space    used 7752K, committed 8000K, reserved 1048576K
}
Event: 12.262 GC heap before
{Heap before GC invocations=16 (full 0):
 garbage-first heap   total 150528K, used 78943K [0x0000000080000000, 0x0000000100000000)
  region size 1024K, 29 young (29696K), 10 survivors (10240K)
 Metaspace       used 59857K, committed 60416K, reserved 1114112K
  class space    used 7975K, committed 8256K, reserved 1048576K
}
Event: 12.267 GC heap after
{Heap after GC invocations=17 (full 0):
 garbage-first heap   total 150528K, used 61644K [0x0000000080000000, 0x0000000100000000)
  region size 1024K, 1 young (1024K), 1 survivors (1024K)
 Metaspace       used 59857K, committed 60416K, reserved 1114112K
  class space    used 7975K, committed 8256K, reserved 1048576K
}

