# JRE version: OpenJDK Runtime Environment (17.0.7) (build 17.0.7+0-b2043.56-10550314)
# Java VM: OpenJDK 64-Bit Server VM (17.0.7+0-b2043.56-10550314, mixed mode, tiered, compressed oops, compressed class ptrs, g1 gc, windows-amd64)
GC Precious Log:
 CPUs: 8 total, 8 available
 Memory: 8029M
 Large Page Support: Disabled
 NUMA Support: Disabled
 Compressed Oops: Enabled (Zero based)
 Heap Region Size: 2M
 Heap Min Capacity: 8M
 Heap Initial Capacity: 126M
 Heap Max Capacity: 4G
 Pre-touch: Disabled
 Parallel Workers: 8
 Concurrent Workers: 2
 Concurrent Refinement Workers: 8
 Periodic GC: Disabled
Heap:
 garbage-first heap   total 296960K, used 220661K [0x0000000700000000, 0x0000000800000000)
  region size 2048K, 3 young (6144K), 3 survivors (6144K)
 Metaspace       used 115953K, committed 116864K, reserved 1179648K
  class space    used 15606K, committed 16064K, reserved 1048576K
GC Heap History (20 events):
Event: 25.791 GC heap after
{Heap after GC invocations=45 (full 0):
 garbage-first heap   total 296960K, used 184022K [0x0000000700000000, 0x0000000800000000)
  region size 2048K, 4 young (8192K), 4 survivors (8192K)
 Metaspace       used 98604K, committed 99328K, reserved 1179648K
  class space    used 13491K, committed 13824K, reserved 1048576K
}
Event: 26.881 GC heap before
{Heap before GC invocations=45 (full 0):
 garbage-first heap   total 296960K, used 243414K [0x0000000700000000, 0x0000000800000000)
  region size 2048K, 33 young (67584K), 4 survivors (8192K)
 Metaspace       used 98606K, committed 99328K, reserved 1179648K
  class space    used 13491K, committed 13824K, reserved 1048576K
}
Event: 26.887 GC heap after
{Heap after GC invocations=46 (full 0):
 garbage-first heap   total 296960K, used 186016K [0x0000000700000000, 0x0000000800000000)
  region size 2048K, 4 young (8192K), 4 survivors (8192K)
 Metaspace       used 98606K, committed 99328K, reserved 1179648K
  class space    used 13491K, committed 13824K, reserved 1048576K
}
Event: 27.640 GC heap before
{Heap before GC invocations=46 (full 0):
 garbage-first heap   total 296960K, used 245408K [0x0000000700000000, 0x0000000800000000)
  region size 2048K, 33 young (67584K), 4 survivors (8192K)
 Metaspace       used 98607K, committed 99328K, reserved 1179648K
  class space    used 13491K, committed 13824K, reserved 1048576K
}
Event: 27.645 GC heap after
{Heap after GC invocations=47 (full 0):
 garbage-first heap   total 296960K, used 188281K [0x0000000700000000, 0x0000000800000000)
  region size 2048K, 4 young (8192K), 4 survivors (8192K)
 Metaspace       used 98607K, committed 99328K, reserved 1179648K
  class space    used 13491K, committed 13824K, reserved 1048576K
}
Event: 28.773 GC heap before
{Heap before GC invocations=47 (full 0):
 garbage-first heap   total 296960K, used 247673K [0x0000000700000000, 0x0000000800000000)
  region size 2048K, 33 young (67584K), 4 survivors (8192K)
 Metaspace       used 98607K, committed 99328K, reserved 1179648K
  class space    used 13491K, committed 13824K, reserved 1048576K
}
Event: 28.778 GC heap after
{Heap after GC invocations=48 (full 0):
 garbage-first heap   total 296960K, used 190240K [0x0000000700000000, 0x0000000800000000)
  region size 2048K, 4 young (8192K), 4 survivors (8192K)
 Metaspace       used 98607K, committed 99328K, reserved 1179648K
  class space    used 13491K, committed 13824K, reserved 1048576K
}
Event: 29.566 GC heap before
{Heap before GC invocations=48 (full 0):
 garbage-first heap   total 296960K, used 263968K [0x0000000700000000, 0x0000000800000000)
  region size 2048K, 33 young (67584K), 4 survivors (8192K)
 Metaspace       used 103006K, committed 103808K, reserved 1179648K
  class space    used 14015K, committed 14400K, reserved 1048576K
}
Event: 29.577 GC heap after
{Heap after GC invocations=49 (full 0):
 garbage-first heap   total 296960K, used 197788K [0x0000000700000000, 0x0000000800000000)
  region size 2048K, 5 young (10240K), 5 survivors (10240K)
 Metaspace       used 103006K, committed 103808K, reserved 1179648K
  class space    used 14015K, committed 14400K, reserved 1048576K
}
Event: 30.355 GC heap before
{Heap before GC invocations=49 (full 0):
 garbage-first heap   total 296960K, used 248988K [0x0000000700000000, 0x0000000800000000)
  region size 2048K, 30 young (61440K), 5 survivors (10240K)
 Metaspace       used 108122K, committed 108928K, reserved 1179648K
  class space    used 14744K, committed 15104K, reserved 1048576K
}
Event: 30.366 GC heap after
{Heap after GC invocations=50 (full 0):
 garbage-first heap   total 296960K, used 201943K [0x0000000700000000, 0x0000000800000000)
  region size 2048K, 2 young (4096K), 2 survivors (4096K)
 Metaspace       used 108122K, committed 108928K, reserved 1179648K
  class space    used 14744K, committed 15104K, reserved 1048576K
}
Event: 31.194 GC heap before
{Heap before GC invocations=50 (full 0):
 garbage-first heap   total 296960K, used 249047K [0x0000000700000000, 0x0000000800000000)
  region size 2048K, 26 young (53248K), 2 survivors (4096K)
 Metaspace       used 111117K, committed 112000K, reserved 1179648K
  class space    used 15061K, committed 15488K, reserved 1048576K
}
Event: 31.202 GC heap after
{Heap after GC invocations=51 (full 0):
 garbage-first heap   total 296960K, used 207726K [0x0000000700000000, 0x0000000800000000)
  region size 2048K, 4 young (8192K), 4 survivors (8192K)
 Metaspace       used 111117K, committed 112000K, reserved 1179648K
  class space    used 15061K, committed 15488K, reserved 1048576K
}
Event: 31.418 GC heap before
{Heap before GC invocations=51 (full 0):
 garbage-first heap   total 296960K, used 250734K [0x0000000700000000, 0x0000000800000000)
  region size 2048K, 25 young (51200K), 4 survivors (8192K)
 Metaspace       used 111209K, committed 112128K, reserved 1179648K
  class space    used 15065K, committed 15488K, reserved 1048576K
}
Event: 31.427 GC heap after
{Heap after GC invocations=52 (full 0):
 garbage-first heap   total 296960K, used 211945K [0x0000000700000000, 0x0000000800000000)
  region size 2048K, 3 young (6144K), 3 survivors (6144K)
 Metaspace       used 111209K, committed 112128K, reserved 1179648K
  class space    used 15065K, committed 15488K, reserved 1048576K
}
Event: 31.857 GC heap before
{Heap before GC invocations=52 (full 0):
 garbage-first heap   total 296960K, used 250857K [0x0000000700000000, 0x0000000800000000)
  region size 2048K, 22 young (45056K), 3 survivors (6144K)
 Metaspace       used 112121K, committed 113024K, reserved 1179648K
  class space    used 15158K, committed 15616K, reserved 1048576K
}
Event: 31.867 GC heap after
{Heap after GC invocations=53 (full 0):
 garbage-first heap   total 296960K, used 215707K [0x0000000700000000, 0x0000000800000000)
  region size 2048K, 3 young (6144K), 3 survivors (6144K)
 Metaspace       used 112121K, committed 113024K, reserved 1179648K
  class space    used 15158K, committed 15616K, reserved 1048576K
}
Event: 32.167 GC heap before
{Heap before GC invocations=53 (full 0):
 garbage-first heap   total 296960K, used 252571K [0x0000000700000000, 0x0000000800000000)
  region size 2048K, 21 young (43008K), 3 survivors (6144K)
 Metaspace       used 113534K, committed 114432K, reserved 1179648K
  class space    used 15320K, committed 15744K, reserved 1048576K
}
Event: 32.173 GC heap after
{Heap after GC invocations=54 (full 0):
 garbage-first heap   total 296960K, used 217533K [0x0000000700000000, 0x0000000800000000)
  region size 2048K, 2 young (4096K), 2 survivors (4096K)
 Metaspace       used 113534K, committed 114432K, reserved 1179648K
  class space    used 15320K, committed 15744K, reserved 1048576K
}
Event: 32.646 GC heap before
{Heap before GC invocations=54 (full 0):
 garbage-first heap   total 296960K, used 252349K [0x0000000700000000, 0x0000000800000000)
  region size 2048K, 19 young (38912K), 2 survivors (4096K)
 Metaspace       used 115953K, committed 116864K, reserved 1179648K
  class space    used 15606K, committed 16064K, reserved 1048576K
}

